<?xml version="1.0" encoding="UTF-8"?>
<testng-results skipped="0" failed="0" ignored="0" total="1" passed="1">
  <reporter-output>
  </reporter-output>
  <suite name="Surefire suite" duration-ms="140580" started-at="2019-11-07T22:25:19Z" finished-at="2019-11-07T22:27:39Z">
    <groups>
      <group name="cucumber">
        <method signature="TestRunner.feature(cucumber.api.testng.CucumberFeatureWrapper)[pri:0, instance:Runner.TestRunner@59f99ea]" name="feature" class="Runner.TestRunner"/>
      </group> <!-- cucumber -->
    </groups>
    <test name="Surefire test" duration-ms="140580" started-at="2019-11-07T22:25:19Z" finished-at="2019-11-07T22:27:39Z">
      <class name="Runner.TestRunner">
        <test-method status="PASS" signature="beforeSuite()[pri:0, instance:Runner.TestRunner@59f99ea]" name="beforeSuite" is-config="true" duration-ms="37803" started-at="2019-11-07T22:24:41Z" finished-at="2019-11-07T22:25:19Z">
          <reporter-output>
          </reporter-output>
        </test-method> <!-- beforeSuite -->
        <test-method status="PASS" signature="setUpClass()[pri:0, instance:Runner.TestRunner@59f99ea]" name="setUpClass" is-config="true" duration-ms="287" started-at="2019-11-07T22:25:19Z" finished-at="2019-11-07T22:25:19Z">
          <reporter-output>
          </reporter-output>
        </test-method> <!-- setUpClass -->
        <test-method status="PASS" signature="feature(cucumber.api.testng.CucumberFeatureWrapper)[pri:0, instance:Runner.TestRunner@59f99ea]" name="feature" duration-ms="140175" started-at="2019-11-07T22:25:19Z" description="Runs Cucumber Feature" data-provider="features" finished-at="2019-11-07T22:27:39Z">
          <params>
            <param index="0">
              <value>
                <![CDATA[Testing the API Demos app]]>
              </value>
            </param>
          </params>
          <reporter-output>
          </reporter-output>
        </test-method> <!-- feature -->
        <test-method status="PASS" signature="tearDownClass()[pri:0, instance:Runner.TestRunner@59f99ea]" name="tearDownClass" is-config="true" duration-ms="11" started-at="2019-11-07T22:27:39Z" finished-at="2019-11-07T22:27:39Z">
          <reporter-output>
          </reporter-output>
        </test-method> <!-- tearDownClass -->
        <test-method status="PASS" signature="tearDownAppium()[pri:0, instance:Runner.TestRunner@59f99ea]" name="tearDownAppium" is-config="true" duration-ms="0" started-at="2019-11-07T22:27:40Z" finished-at="2019-11-07T22:27:40Z">
          <reporter-output>
          </reporter-output>
        </test-method> <!-- tearDownAppium -->
      </class> <!-- Runner.TestRunner -->
    </test> <!-- Surefire test -->
  </suite> <!-- Surefire suite -->
</testng-results>
